<?xml version="1.0" encoding="UTF-8"?>
<!-- Generated by org.testng.reporters.JUnitReportReporter -->
<testsuite hostname="DESKTOP-HVDGTEI" failures="0" tests="1" name="gestures.LongClickGesture" time="24.171" errors="0" timestamp="2024-05-14T11:00:15 IST" skipped="0">
  <testcase classname="gestures.LongClickGesture" name="longClickAction" time="24.171"/>
</testsuite> <!-- gestures.LongClickGesture -->
