<?xml version="1.0" encoding="UTF-8"?>
<!-- Generated by org.testng.reporters.JUnitReportReporter -->
<testsuite hostname="DESKTOP-HVDGTEI" failures="0" tests="1" name="practiceForInterview.LaunchAmazonApp" time="19.621" errors="0" timestamp="2024-05-20T13:19:52 IST" skipped="0">
  <testcase classname="practiceForInterview.LaunchAmazonApp" name="launchApp" time="19.621"/>
</testsuite> <!-- practiceForInterview.LaunchAmazonApp -->
