<?xml version="1.0" encoding="UTF-8"?>
<!-- Generated by org.testng.reporters.JUnitReportReporter -->
<testsuite hostname="DESKTOP-HVDGTEI" failures="0" tests="1" name="demo.ZohoCRM" time="35.424" errors="0" timestamp="2024-06-04T13:03:24 IST" skipped="0">
  <testcase classname="demo.ZohoCRM" name="launchApp" time="35.424"/>
</testsuite> <!-- demo.ZohoCRM -->
