<?xml version="1.0" encoding="UTF-8"?>
<!-- Generated by org.testng.reporters.JUnitReportReporter -->
<testsuite hostname="DESKTOP-GHSIURQ" failures="0" tests="1" name="driverMethods.PressKeyMethod" time="6.992" errors="1" timestamp="2024-04-19T17:13:04 IST" skipped="0">
  <testcase classname="driverMethods.PressKeyMethod" name="keyMethods" time="6.992">
    <error message="Could not start a new session. Response code 500. Message: An unknown server-side error occurred while processing the command. Original error: Invalid unlock type &#039;Pattern&#039;. Only the following unlock types are supported: pin,pinWithKeyEvent,password,pattern,fingerprint 
Host info: host: &#039;DESKTOP-GHSIURQ&#039;, ip: &#039;192.168.230.1&#039;
Build info: version: &#039;4.13.0&#039;, revision: &#039;ba948ece5b*&#039;
System info: os.name: &#039;Windows 10&#039;, os.arch: &#039;amd64&#039;, os.version: &#039;10.0&#039;, java.version: &#039;17.0.6&#039;
Driver info: io.appium.java_client.android.AndroidDriver
Command: [null, newSession {capabilities=[{appium:UDID=5f65e6e6, appium:autoGrantPermission=true, appium:automationName=uiAutomator2, appium:deviceName=OnePlusNordCE3, appium:ignoreHiddenApiPolicyError=true, appium:noReset=true, platformName=ANDROID, appium:unlockKey=14789, appium:unlockType=Pattern}], desiredCapabilities=Capabilities {UDID: 5f65e6e6, autoGrantPermission: true, automationName: uiAutomator2, deviceName: OnePlusNordCE3, ignoreHiddenApiPolicyError: true, noReset: true, platformName: ANDROID, unlockKey: 14789, unlockType: Pattern}}]
Capabilities {UDID: 5f65e6e6, autoGrantPermission: true, automationName: uiAutomator2, deviceName: OnePlusNordCE3, ignoreHiddenApiPolicyError: true, noReset: true, platformName: ANDROID, unlockKey: 14789, unlockType: Pattern}" type="org.openqa.selenium.SessionNotCreatedException">
      <![CDATA[org.openqa.selenium.SessionNotCreatedException: Could not start a new session. Response code 500. Message: An unknown server-side error occurred while processing the command. Original error: Invalid unlock type 'Pattern'. Only the following unlock types are supported: pin,pinWithKeyEvent,password,pattern,fingerprint 
Host info: host: 'DESKTOP-GHSIURQ', ip: '192.168.230.1'
Build info: version: '4.13.0', revision: 'ba948ece5b*'
System info: os.name: 'Windows 10', os.arch: 'amd64', os.version: '10.0', java.version: '17.0.6'
Driver info: io.appium.java_client.android.AndroidDriver
Command: [null, newSession {capabilities=[{appium:UDID=5f65e6e6, appium:autoGrantPermission=true, appium:automationName=uiAutomator2, appium:deviceName=OnePlusNordCE3, appium:ignoreHiddenApiPolicyError=true, appium:noReset=true, platformName=ANDROID, appium:unlockKey=14789, appium:unlockType=Pattern}], desiredCapabilities=Capabilities {UDID: 5f65e6e6, autoGrantPermission: true, automationName: uiAutomator2, deviceName: OnePlusNordCE3, ignoreHiddenApiPolicyError: true, noReset: true, platformName: ANDROID, unlockKey: 14789, unlockType: Pattern}}]
Capabilities {UDID: 5f65e6e6, autoGrantPermission: true, automationName: uiAutomator2, deviceName: OnePlusNordCE3, ignoreHiddenApiPolicyError: true, noReset: true, platformName: ANDROID, unlockKey: 14789, unlockType: Pattern}
at org.openqa.selenium.remote.ProtocolHandshake.createSession(ProtocolHandshake.java:140)
at java.base/jdk.internal.reflect.NativeMethodAccessorImpl.invoke0(Native Method)
at java.base/jdk.internal.reflect.NativeMethodAccessorImpl.invoke(NativeMethodAccessorImpl.java:77)
at java.base/jdk.internal.reflect.DelegatingMethodAccessorImpl.invoke(DelegatingMethodAccessorImpl.java:43)
at java.base/java.lang.reflect.Method.invoke(Method.java:568)
at io.appium.java_client.remote.AppiumProtocolHandshake.createSession(AppiumProtocolHandshake.java:133)
at io.appium.java_client.remote.AppiumProtocolHandshake.createSession(AppiumProtocolHandshake.java:102)
at io.appium.java_client.remote.AppiumCommandExecutor.createSession(AppiumCommandExecutor.java:182)
at io.appium.java_client.remote.AppiumCommandExecutor.execute(AppiumCommandExecutor.java:250)
at org.openqa.selenium.remote.RemoteWebDriver.execute(RemoteWebDriver.java:602)
at io.appium.java_client.AppiumDriver.startSession(AppiumDriver.java:274)
at org.openqa.selenium.remote.RemoteWebDriver.<init>(RemoteWebDriver.java:163)
at io.appium.java_client.AppiumDriver.<init>(AppiumDriver.java:89)
at io.appium.java_client.AppiumDriver.<init>(AppiumDriver.java:101)
at io.appium.java_client.android.AndroidDriver.<init>(AndroidDriver.java:113)
at driverMethods.PressKeyMethod.keyMethods(PressKeyMethod.java:30)
at java.base/jdk.internal.reflect.NativeMethodAccessorImpl.invoke0(Native Method)
at java.base/jdk.internal.reflect.NativeMethodAccessorImpl.invoke(NativeMethodAccessorImpl.java:77)
at java.base/jdk.internal.reflect.DelegatingMethodAccessorImpl.invoke(DelegatingMethodAccessorImpl.java:43)
at java.base/java.lang.reflect.Method.invoke(Method.java:568)
at org.testng.internal.invokers.MethodInvocationHelper.invokeMethod(MethodInvocationHelper.java:139)
at org.testng.internal.invokers.TestInvoker.invokeMethod(TestInvoker.java:664)
at org.testng.internal.invokers.TestInvoker.invokeTestMethod(TestInvoker.java:227)
at org.testng.internal.invokers.MethodRunner.runInSequence(MethodRunner.java:50)
at org.testng.internal.invokers.TestInvoker$MethodInvocationAgent.invoke(TestInvoker.java:957)
at org.testng.internal.invokers.TestInvoker.invokeTestMethods(TestInvoker.java:200)
at org.testng.internal.invokers.TestMethodWorker.invokeTestMethods(TestMethodWorker.java:148)
at org.testng.internal.invokers.TestMethodWorker.run(TestMethodWorker.java:128)
at java.base/java.util.ArrayList.forEach(ArrayList.java:1511)
at org.testng.TestRunner.privateRun(TestRunner.java:848)
at org.testng.TestRunner.run(TestRunner.java:621)
at org.testng.SuiteRunner.runTest(SuiteRunner.java:443)
at org.testng.SuiteRunner.runSequentially(SuiteRunner.java:437)
at org.testng.SuiteRunner.privateRun(SuiteRunner.java:397)
at org.testng.SuiteRunner.run(SuiteRunner.java:336)
at org.testng.SuiteRunnerWorker.runSuite(SuiteRunnerWorker.java:52)
at org.testng.SuiteRunnerWorker.run(SuiteRunnerWorker.java:95)
at org.testng.TestNG.runSuitesSequentially(TestNG.java:1280)
at org.testng.TestNG.runSuitesLocally(TestNG.java:1200)
at org.testng.TestNG.runSuites(TestNG.java:1114)
at org.testng.TestNG.run(TestNG.java:1082)
at org.testng.remote.AbstractRemoteTestNG.run(AbstractRemoteTestNG.java:115)
at org.testng.remote.RemoteTestNG.initAndRun(RemoteTestNG.java:251)
at org.testng.remote.RemoteTestNG.main(RemoteTestNG.java:77)
]]>
    </error>
  </testcase> <!-- keyMethods -->
</testsuite> <!-- driverMethods.PressKeyMethod -->
