<?xml version="1.0" encoding="UTF-8"?>
<!-- Generated by org.testng.reporters.JUnitReportReporter -->
<testsuite hostname="DESKTOP-HVDGTEI" failures="0" tests="15" name="practiceForInterview.AllPatterns" time="0.065" errors="0" timestamp="2024-05-21T17:14:47 IST" skipped="0">
  <testcase classname="practiceForInterview.AllPatterns" name="mixPatterrn" time="0.004"/>
  <testcase classname="practiceForInterview.AllPatterns" name="reverseP" time="0.002"/>
  <testcase classname="practiceForInterview.AllPatterns" name="leftMix" time="0.002"/>
  <testcase classname="practiceForInterview.AllPatterns" name="pyramid" time="0.003"/>
  <testcase classname="practiceForInterview.AllPatterns" name="star1" time="0.001"/>
  <testcase classname="practiceForInterview.AllPatterns" name="incrementP" time="0.001"/>
  <testcase classname="practiceForInterview.AllPatterns" name="continuousP" time="0.028"/>
  <testcase classname="practiceForInterview.AllPatterns" name="decrementP" time="0.003"/>
  <testcase classname="practiceForInterview.AllPatterns" name="fstQuad" time="0.003"/>
  <testcase classname="practiceForInterview.AllPatterns" name="numberPattern" time="0.003"/>
  <testcase classname="practiceForInterview.AllPatterns" name="rightMix" time="0.002"/>
  <testcase classname="practiceForInterview.AllPatterns" name="star" time="0.002"/>
  <testcase classname="practiceForInterview.AllPatterns" name="thirdQuad" time="0.006"/>
  <testcase classname="practiceForInterview.AllPatterns" name="mixPattern" time="0.002"/>
  <testcase classname="practiceForInterview.AllPatterns" name="spaceStar" time="0.003"/>
</testsuite> <!-- practiceForInterview.AllPatterns -->
