<?xml version="1.0" encoding="UTF-8"?>
<!-- Generated by org.testng.reporters.JUnitReportReporter -->
<testsuite hostname="DESKTOP-GHSIURQ" failures="0" tests="1" name="HM.SelectProductFromFavourite" time="65.472" errors="0" timestamp="2024-05-03T18:08:35 IST" skipped="0">
  <testcase classname="HM.SelectProductFromFavourite" name="productFromFavourite" time="65.472"/>
</testsuite> <!-- HM.SelectProductFromFavourite -->
