<?xml version="1.0" encoding="UTF-8"?>
<!-- Generated by org.testng.reporters.JUnitReportReporter -->
<testsuite hostname="DESKTOP-GHSIURQ" failures="0" tests="1" name="gestures.SwipeGesture" time="14.448" errors="0" timestamp="2024-04-19T10:44:27 IST" skipped="0">
  <testcase classname="gestures.SwipeGesture" name="swipe" time="14.448"/>
</testsuite> <!-- gestures.SwipeGesture -->
