<?xml version="1.0" encoding="UTF-8"?>
<!-- Generated by org.testng.reporters.JUnitReportReporter -->
<testsuite hostname="DESKTOP-HVDGTEI" failures="0" tests="1" name="scriptsGivenByPrakashSir.Flipkartphone" time="25.689" errors="0" timestamp="2024-06-07T14:46:43 IST" skipped="0">
  <testcase classname="scriptsGivenByPrakashSir.Flipkartphone" name="capturePhonesList" time="25.689"/>
</testsuite> <!-- scriptsGivenByPrakashSir.Flipkartphone -->
