<?xml version="1.0" encoding="UTF-8"?>
<!-- Generated by org.testng.reporters.JUnitReportReporter -->
<testsuite hostname="DESKTOP-GHSIURQ" failures="0" tests="1" name="gestures.ScrollGesture" time="17.516" errors="0" timestamp="2024-04-19T11:40:58 IST" skipped="0">
  <testcase classname="gestures.ScrollGesture" name="scroll" time="17.516"/>
</testsuite> <!-- gestures.ScrollGesture -->
