<?xml version="1.0" encoding="UTF-8"?>
<!-- Generated by org.testng.reporters.JUnitReportReporter -->
<testsuite hostname="DESKTOP-HVDGTEI" failures="0" tests="1" name="launchBrowser.LaunchBrowser" time="28.232" errors="0" timestamp="2024-06-04T15:46:14 IST" skipped="0">
  <testcase classname="launchBrowser.LaunchBrowser" name="launchBrowser" time="28.232"/>
</testsuite> <!-- launchBrowser.LaunchBrowser -->
