<?xml version="1.0" encoding="UTF-8"?>
<!-- Generated by org.testng.reporters.JUnitReportReporter -->
<testsuite hostname="DESKTOP-HVDGTEI" failures="0" tests="1" name="driverMethods.DeviceLockedMethod" time="17.734" errors="0" timestamp="2024-05-29T21:22:07 IST" skipped="0">
  <testcase classname="driverMethods.DeviceLockedMethod" name="driverMethods" time="17.734"/>
</testsuite> <!-- driverMethods.DeviceLockedMethod -->
