<?xml version="1.0" encoding="UTF-8"?>
<!-- Generated by org.testng.reporters.JUnitReportReporter -->
<testsuite hostname="DESKTOP-HVDGTEI" failures="0" tests="1" name="demo.GestureByJavascriptExecutor" time="18.052" errors="0" timestamp="2024-06-07T14:55:58 IST" skipped="0">
  <testcase classname="demo.GestureByJavascriptExecutor" name="longClickAction" time="18.052"/>
</testsuite> <!-- demo.GestureByJavascriptExecutor -->
