<?xml version="1.0" encoding="UTF-8"?>
<!-- Generated by org.testng.reporters.JUnitReportReporter -->
<testsuite hostname="DESKTOP-GHSIURQ" failures="0" tests="1" name="gestures.DoubleClickGesture" time="1.251" errors="1" timestamp="2024-04-19T12:52:51 IST" skipped="0">
  <testcase classname="gestures.DoubleClickGesture" name="doubleClick" time="1.251">
    <error message="Could not start a new session. Possible causes are invalid address of the remote server or browser start-up failure. 
Host info: host: &#039;DESKTOP-GHSIURQ&#039;, ip: &#039;192.168.230.1&#039;" type="org.openqa.selenium.SessionNotCreatedException">
      <![CDATA[org.openqa.selenium.SessionNotCreatedException: Could not start a new session. Possible causes are invalid address of the remote server or browser start-up failure. 
Host info: host: 'DESKTOP-GHSIURQ', ip: '192.168.230.1'
at org.openqa.selenium.remote.RemoteWebDriver.execute(RemoteWebDriver.java:536)
at io.appium.java_client.AppiumDriver.startSession(AppiumDriver.java:268)
at org.openqa.selenium.remote.RemoteWebDriver.<init>(RemoteWebDriver.java:161)
at io.appium.java_client.AppiumDriver.<init>(AppiumDriver.java:90)
at io.appium.java_client.AppiumDriver.<init>(AppiumDriver.java:102)
at io.appium.java_client.android.AndroidDriver.<init>(AndroidDriver.java:109)
at gestures.DoubleClickGesture.doubleClick(DoubleClickGesture.java:38)
at java.base/jdk.internal.reflect.NativeMethodAccessorImpl.invoke0(Native Method)
at java.base/jdk.internal.reflect.NativeMethodAccessorImpl.invoke(NativeMethodAccessorImpl.java:77)
at java.base/jdk.internal.reflect.DelegatingMethodAccessorImpl.invoke(DelegatingMethodAccessorImpl.java:43)
at java.base/java.lang.reflect.Method.invoke(Method.java:568)
at org.testng.internal.invokers.MethodInvocationHelper.invokeMethod(MethodInvocationHelper.java:139)
at org.testng.internal.invokers.TestInvoker.invokeMethod(TestInvoker.java:664)
at org.testng.internal.invokers.TestInvoker.invokeTestMethod(TestInvoker.java:227)
at org.testng.internal.invokers.MethodRunner.runInSequence(MethodRunner.java:50)
at org.testng.internal.invokers.TestInvoker$MethodInvocationAgent.invoke(TestInvoker.java:957)
at org.testng.internal.invokers.TestInvoker.invokeTestMethods(TestInvoker.java:200)
at org.testng.internal.invokers.TestMethodWorker.invokeTestMethods(TestMethodWorker.java:148)
at org.testng.internal.invokers.TestMethodWorker.run(TestMethodWorker.java:128)
at java.base/java.util.ArrayList.forEach(ArrayList.java:1511)
at org.testng.TestRunner.privateRun(TestRunner.java:848)
at org.testng.TestRunner.run(TestRunner.java:621)
at org.testng.SuiteRunner.runTest(SuiteRunner.java:443)
at org.testng.SuiteRunner.runSequentially(SuiteRunner.java:437)
at org.testng.SuiteRunner.privateRun(SuiteRunner.java:397)
at org.testng.SuiteRunner.run(SuiteRunner.java:336)
at org.testng.SuiteRunnerWorker.runSuite(SuiteRunnerWorker.java:52)
at org.testng.SuiteRunnerWorker.run(SuiteRunnerWorker.java:95)
at org.testng.TestNG.runSuitesSequentially(TestNG.java:1280)
at org.testng.TestNG.runSuitesLocally(TestNG.java:1200)
at org.testng.TestNG.runSuites(TestNG.java:1114)
at org.testng.TestNG.run(TestNG.java:1082)
at org.testng.remote.AbstractRemoteTestNG.run(AbstractRemoteTestNG.java:115)
at org.testng.remote.RemoteTestNG.initAndRun(RemoteTestNG.java:251)
at org.testng.remote.RemoteTestNG.main(RemoteTestNG.java:77)
Caused by: org.openqa.selenium.WebDriverException: java.lang.NoSuchMethodException: org.openqa.selenium.remote.ProtocolHandshake.createSession(org.openqa.selenium.remote.http.HttpHandler,java.util.function.Supplier,long)
Build info: version: '4.19.1', revision: 'abe0ee07dc'
System info: os.name: 'Windows 10', os.arch: 'amd64', os.version: '10.0', java.version: '17.0.6'
Driver info: driver.version: AndroidDriver
at io.appium.java_client.remote.AppiumProtocolHandshake.createSession(AppiumProtocolHandshake.java:137)
at io.appium.java_client.remote.AppiumProtocolHandshake.createSession(AppiumProtocolHandshake.java:102)
at io.appium.java_client.remote.AppiumCommandExecutor.createSession(AppiumCommandExecutor.java:176)
at io.appium.java_client.remote.AppiumCommandExecutor.execute(AppiumCommandExecutor.java:237)
at org.openqa.selenium.remote.RemoteWebDriver.execute(RemoteWebDriver.java:518)
... 34 more
Caused by: java.lang.NoSuchMethodException: org.openqa.selenium.remote.ProtocolHandshake.createSession(org.openqa.selenium.remote.http.HttpHandler,java.util.function.Supplier,long)
at java.base/java.lang.Class.getDeclaredMethod(Class.java:2675)
at io.appium.java_client.remote.AppiumProtocolHandshake.createSession(AppiumProtocolHandshake.java:128)
... 38 more
]]>
    </error>
  </testcase> <!-- doubleClick -->
</testsuite> <!-- gestures.DoubleClickGesture -->
