<?xml version="1.0" encoding="UTF-8"?>
<!-- Generated by org.testng.reporters.JUnitReportReporter -->
<testsuite hostname="DESKTOP-GHSIURQ" failures="0" tests="1" name="HM.SearchProductThenAddToCart" time="30.139" errors="0" timestamp="2024-05-06T18:44:21 IST" skipped="0">
  <testcase classname="HM.SearchProductThenAddToCart" name="addProductToCart" time="30.139"/>
</testsuite> <!-- HM.SearchProductThenAddToCart -->
