<?xml version="1.0" encoding="UTF-8"?>
<!-- Generated by org.testng.reporters.JUnitReportReporter -->
<testsuite hostname="DESKTOP-GHSIURQ" failures="0" tests="1" name="driverMethods.Toggle" time="10.509" errors="0" timestamp="2024-05-03T12:24:17 IST" skipped="0">
  <testcase classname="driverMethods.Toggle" name="toggle" time="10.509"/>
</testsuite> <!-- driverMethods.Toggle -->
