<?xml version="1.0" encoding="UTF-8"?>
<!-- Generated by org.testng.reporters.JUnitReportReporter -->
<testsuite hostname="DESKTOP-GHSIURQ" failures="0" tests="1" name="gestures.SwipeGestureInDaveApp" time="11.935" errors="0" timestamp="2024-04-19T11:13:01 IST" skipped="0">
  <testcase classname="gestures.SwipeGestureInDaveApp" name="swipeInDave" time="11.935"/>
</testsuite> <!-- gestures.SwipeGestureInDaveApp -->
