<?xml version="1.0" encoding="UTF-8"?>
<!-- Generated by org.testng.reporters.JUnitReportReporter -->
<testsuite hostname="DESKTOP-HVDGTEI" failures="0" tests="1" name="practiceForInterview.CountOccuranceOfCharacter" time="0.023" errors="0" timestamp="2024-05-20T12:20:22 IST" skipped="0">
  <testcase classname="practiceForInterview.CountOccuranceOfCharacter" name="countOccurranceOfCharacter" time="0.023"/>
</testsuite> <!-- practiceForInterview.CountOccuranceOfCharacter -->
