<?xml version="1.0" encoding="UTF-8"?>
<!-- Generated by org.testng.reporters.JUnitReportReporter -->
<testsuite hostname="DESKTOP-GHSIURQ" failures="0" tests="1" name="HM.InstallHMapp" time="17.260" errors="0" timestamp="2024-04-30T09:52:58 IST" skipped="0">
  <testcase classname="HM.InstallHMapp" name="installHMapp" time="17.260"/>
</testsuite> <!-- HM.InstallHMapp -->
