<?xml version="1.0" encoding="UTF-8"?>
<!-- Generated by org.testng.reporters.JUnitReportReporter -->
<testsuite hostname="DESKTOP-GHSIURQ" failures="0" tests="1" name="HM.AddProductToCart" time="42.029" errors="0" timestamp="2024-05-03T18:13:48 IST" skipped="0">
  <testcase classname="HM.AddProductToCart" name="addProductToCart" time="42.029"/>
</testsuite> <!-- HM.AddProductToCart -->
