<?xml version="1.0" encoding="UTF-8"?>
<!-- Generated by org.testng.reporters.JUnitReportReporter -->
<testsuite hostname="DESKTOP-GHSIURQ" failures="0" tests="1" name="generalAppStore.SwitchNativeApToWebApp" time="22.620" errors="0" timestamp="2024-05-02T17:51:34 IST" skipped="0">
  <testcase classname="generalAppStore.SwitchNativeApToWebApp" name="nativeTOWebApp" time="22.620"/>
</testsuite> <!-- generalAppStore.SwitchNativeApToWebApp -->
