<?xml version="1.0" encoding="UTF-8"?>
<!-- Generated by org.testng.reporters.JUnitReportReporter -->
<testsuite hostname="DESKTOP-GHSIURQ" failures="0" tests="1" name="browserStack.Demo" time="29.841" errors="0" timestamp="2024-05-03T10:50:47 IST" skipped="0">
  <testcase classname="browserStack.Demo" name="demo1" time="29.841"/>
</testsuite> <!-- browserStack.Demo -->
