<?xml version="1.0" encoding="UTF-8"?>
<!-- Generated by org.testng.reporters.JUnitReportReporter -->
<testsuite hostname="DESKTOP-HVDGTEI" failures="0" tests="1" name="demo.LaunchApp" time="12.195" errors="0" timestamp="2024-05-20T12:00:02 IST" skipped="0">
  <testcase classname="demo.LaunchApp" name="demo" time="12.195"/>
</testsuite> <!-- demo.LaunchApp -->
