<?xml version="1.0" encoding="UTF-8"?>
<!-- Generated by org.testng.reporters.JUnitReportReporter -->
<testsuite hostname="DESKTOP-GHSIURQ" failures="0" tests="1" name="browserStack.WebBrowserHashMap" time="12.980" errors="0" timestamp="2024-05-03T12:57:14 IST" skipped="0">
  <testcase classname="browserStack.WebBrowserHashMap" name="webBrowser" time="12.980"/>
</testsuite> <!-- browserStack.WebBrowserHashMap -->
