<?xml version="1.0" encoding="UTF-8"?>
<!-- Generated by org.testng.reporters.JUnitReportReporter -->
<testsuite hostname="DESKTOP-GHSIURQ" failures="0" tests="1" name="startAppium.StartAppiumUsingScript" time="25.293" errors="0" timestamp="2024-04-30T15:31:27 IST" skipped="0">
  <testcase classname="startAppium.StartAppiumUsingScript" name="startAppium" time="25.293"/>
</testsuite> <!-- startAppium.StartAppiumUsingScript -->
