<?xml version="1.0" encoding="UTF-8"?>
<!-- Generated by org.testng.reporters.JUnitReportReporter -->
<testsuite hostname="DESKTOP-GHSIURQ" failures="0" tests="1" name="driverMethods.HideKeyboardMethod" time="23.220" errors="0" timestamp="2024-04-30T09:43:48 IST" skipped="0">
  <testcase classname="driverMethods.HideKeyboardMethod" name="hideKeyboard" time="23.220"/>
</testsuite> <!-- driverMethods.HideKeyboardMethod -->
