<?xml version="1.0" encoding="UTF-8"?>
<!-- Generated by org.testng.reporters.JUnitReportReporter -->
<testsuite hostname="DESKTOP-GHSIURQ" failures="0" tests="1" name="browserStack.MobileBrowserHashMap" time="11.540" errors="0" timestamp="2024-05-03T13:00:57 IST" skipped="0">
  <testcase classname="browserStack.MobileBrowserHashMap" name="mobileBrowser" time="11.540"/>
</testsuite> <!-- browserStack.MobileBrowserHashMap -->
