<?xml version="1.0" encoding="UTF-8"?>
<!-- Generated by org.testng.reporters.JUnitReportReporter -->
<testsuite hostname="DESKTOP-HVDGTEI" failures="0" tests="1" name="HomeWork.OpenNotification" time="14.793" errors="0" timestamp="2024-05-30T10:18:44 IST" skipped="0">
  <testcase classname="HomeWork.OpenNotification" name="openNotification" time="14.793"/>
</testsuite> <!-- HomeWork.OpenNotification -->
