<?xml version="1.0" encoding="UTF-8"?>
<!-- Generated by org.testng.reporters.JUnitReportReporter -->
<testsuite hostname="DESKTOP-GHSIURQ" failures="0" tests="1" name="gestures.DragGesture" time="13.669" errors="0" timestamp="2024-04-18T13:01:12 IST" skipped="0">
  <testcase classname="gestures.DragGesture" name="drag" time="13.669"/>
</testsuite> <!-- gestures.DragGesture -->
