<?xml version="1.0" encoding="UTF-8"?>
<!-- Generated by org.testng.reporters.JUnitReportReporter -->
<testsuite hostname="DESKTOP-HVDGTEI" failures="0" tests="1" name="practiceForInterview.LaunchTheApp" time="8.295" errors="0" timestamp="2024-05-20T11:57:50 IST" skipped="0">
  <testcase classname="practiceForInterview.LaunchTheApp" name="launchApp" time="8.295"/>
</testsuite> <!-- practiceForInterview.LaunchTheApp -->
